<?xml version="1.0" encoding="UTF-8"?>
<!-- Generated by org.testng.reporters.JUnitReportReporter -->
<testsuite hostname="Nirmal" failures="0" tests="2" name="compracticesession.demoseleniumframework.Standalone" time="25.419" errors="0" timestamp="03 Aug 2023 11:35:02 GMT" skipped="1">
  <testcase classname="compracticesession.demoseleniumframework.Standalone" name="firsttest" time="8.930">
    <skipped/>
  </testcase> <!-- firsttest -->
  <testcase classname="compracticesession.demoseleniumframework.Standalone" name="firsttest" time="16.489"/>
</testsuite> <!-- compracticesession.demoseleniumframework.Standalone -->
