<?xml version="1.0" encoding="UTF-8"?>
<!-- Generated by org.testng.reporters.JUnitReportReporter -->
<testsuite hostname="Nirmal" failures="0" tests="1" name="compracticesession.demoseleniumframework.Standalone" time="21.464" errors="0" timestamp="03 Aug 2023 11:59:35 GMT" skipped="0">
  <testcase classname="compracticesession.demoseleniumframework.Standalone" name="firsttest" time="21.464"/>
</testsuite> <!-- compracticesession.demoseleniumframework.Standalone -->
